<?xml version="1.0" encoding="UTF-8"?>
<!-- Generated by org.testng.reporters.JUnitReportReporter -->
<testsuite hostname="DESKTOP-FR930K3" failures="0" tests="4" name="api.test.UserTest" time="9.021" errors="0" timestamp="2024-12-20T09:58:28 ICT" skipped="0">
  <testcase classname="api.test.UserTest" name="testPostUser" time="4.394"/>
  <testcase classname="api.test.UserTest" name="testGetUserByUsername" time="1.486"/>
  <testcase classname="api.test.UserTest" name="testUpdateUserByUsername" time="1.615"/>
  <testcase classname="api.test.UserTest" name="testDeleteUserByUsername" time="1.526"/>
</testsuite> <!-- api.test.UserTest -->
