<?xml version="1.0" encoding="UTF-8"?>
<!-- Generated by org.testng.reporters.JUnitReportReporter -->
<testsuite hostname="DESKTOP-FR930K3" failures="0" tests="4" name="api.test.UserTest2" time="8.968" errors="0" timestamp="2024-12-20T10:49:37 ICT" skipped="0">
  <testcase classname="api.test.UserTest2" name="testPostUser" time="3.244"/>
  <testcase classname="api.test.UserTest2" name="testGetUserByUsername" time="3.152"/>
  <testcase classname="api.test.UserTest2" name="testUpdateUserByUsername" time="1.335"/>
  <testcase classname="api.test.UserTest2" name="testDeleteUserByUsername" time="1.237"/>
</testsuite> <!-- api.test.UserTest2 -->
