<?xml version="1.0" encoding="UTF-8"?>
<!-- Generated by org.testng.reporters.JUnitReportReporter -->
<testsuite hostname="DESKTOP-FR930K3" failures="0" tests="6" name="api.test.DDTest" time="12.085" errors="0" timestamp="2024-12-20T11:00:26 ICT" skipped="0">
  <testcase classname="api.test.DDTest" name="testPostUser" time="4.955"/>
  <testcase classname="api.test.DDTest" name="testPostUser" time="1.311"/>
  <testcase classname="api.test.DDTest" name="testPostUser" time="1.271"/>
  <testcase classname="api.test.DDTest" name="testDeleteByUsername" time="1.314"/>
  <testcase classname="api.test.DDTest" name="testDeleteByUsername" time="1.287"/>
  <testcase classname="api.test.DDTest" name="testDeleteByUsername" time="1.947"/>
</testsuite> <!-- api.test.DDTest -->
