<?xml version="1.0" encoding="UTF-8"?>
<!-- Generated by org.testng.reporters.JUnitReportReporter -->
<testsuite hostname="DESKTOP-FR930K3" failures="0" tests="4" name="api.test.UserTest2" time="7.675" errors="0" timestamp="2024-12-20T11:13:06 ICT" skipped="0">
  <testcase classname="api.test.UserTest2" name="testPostUser" time="3.733"/>
  <testcase classname="api.test.UserTest2" name="testGetUserByUsername" time="1.345"/>
  <testcase classname="api.test.UserTest2" name="testUpdateUserByUsername" time="1.347"/>
  <testcase classname="api.test.UserTest2" name="testDeleteUserByUsername" time="1.250"/>
</testsuite> <!-- api.test.UserTest2 -->
